CM: 
CM: Checking...
CM: Check Successful
CM:  0 error(s) 0 warning(s) found
CM:  0 error(s) 0 warning(s) found
CM:  0 error(s) 0 warning(s) found
CM:  0 error(s) 0 warning(s) found
CM:  0 error(s) 0 warning(s) found
CM:  0 error(s) 0 warning(s) found
CM:  0 error(s) 0 warning(s) found
CM:  0 error(s) 0 warning(s) found
CM:  0 error(s) 0 warning(s) found
CM:  0 error(s) 0 warning(s) found
CM: 
CM: Checking...
CM:  Error   L30/C0 : #0 Error: C:/cop2000/xcv200/int/int.vhd  line 30   Syntax error.  (VSS-1081) 
CM:  1 error(s) 0 warning(s) found
CM: 
CM: Checking...
CM: Check Successful
CM:  0 error(s) 0 warning(s) found
CM: 
CM: Checking...
CM: Check Successful
CM:  0 error(s) 0 warning(s) found
